INFO: [HLS 200-10] Running '/tools/Xilinx/Vitis_HLS/2022.1/bin/unwrapped/lnx64.o/vitis_hls'
INFO: [HLS 200-10] For user 'ubuntu' on host 'ubuntu2004.linuxvmimages.local' (Linux_x86_64 version 5.15.0-79-generic) on Sat Aug 19 07:47:12 EDT 2023
INFO: [HLS 200-10] On os Ubuntu 20.04.4 LTS
INFO: [HLS 200-10] In directory '/media/sf_lab/lab4_sequential/single_cycle_regular_pulse/hls'
Sourcing Tcl script '/media/sf_lab/lab4_sequential/single_cycle_regular_pulse/hls/hls_ip/solution1/cosim.tcl'
INFO: [HLS 200-1510] Running: source /media/sf_lab/lab4_sequential/single_cycle_regular_pulse/hls/hls_ip/solution1/cosim.tcl
INFO: [HLS 200-1510] Running: open_project hls_ip 
INFO: [HLS 200-10] Opening project '/media/sf_lab/lab4_sequential/single_cycle_regular_pulse/hls/hls_ip'.
INFO: [HLS 200-1510] Running: set_top single_cycle_regular_pulses 
INFO: [HLS 200-1510] Running: add_files single_cycle_regular_pulses.cpp 
INFO: [HLS 200-10] Adding design file 'single_cycle_regular_pulses.cpp' to the project
INFO: [HLS 200-1510] Running: add_files single_cycle_regular_pulses.h 
INFO: [HLS 200-10] Adding design file 'single_cycle_regular_pulses.h' to the project
INFO: [HLS 200-1510] Running: add_files -tb single_cycle_regular_pulses-tb.cpp -cflags -Wno-unknown-pragmas -csimflags -Wno-unknown-pragmas 
INFO: [HLS 200-10] Adding test bench file 'single_cycle_regular_pulses-tb.cpp' to the project
INFO: [HLS 200-1510] Running: add_files -tb single_cycle_regular_pulses-tb.h -cflags -Wno-unknown-pragmas -csimflags -Wno-unknown-pragmas 
INFO: [HLS 200-10] Adding test bench file 'single_cycle_regular_pulses-tb.h' to the project
INFO: [HLS 200-1510] Running: open_solution solution1 -flow_target vivado 
INFO: [HLS 200-10] Opening solution '/media/sf_lab/lab4_sequential/single_cycle_regular_pulse/hls/hls_ip/solution1'.
INFO: [SYN 201-201] Setting up clock 'default' with a period of 10ns.
INFO: [HLS 200-1611] Setting target device to 'xc7a35t-cpg236-1'
INFO: [HLS 200-1505] Using flow_target 'vivado'
Resolution: For help on HLS 200-1505 see www.xilinx.com/cgi-bin/docs/rdoc?v=2022.1;t=hls+guidance;d=200-1505.html
INFO: [HLS 200-1464] Running solution command: config_export -format=ip_catalog
INFO: [HLS 200-1464] Running solution command: config_export -rtl=verilog
INFO: [HLS 200-1510] Running: set_part xc7a35t-cpg236-1 
INFO: [HLS 200-1510] Running: create_clock -period 10 -name default 
INFO: [HLS 200-1510] Running: config_export -format ip_catalog -rtl verilog 
INFO: [HLS 200-1510] Running: source ./hls_ip/solution1/directives.tcl
INFO: [HLS 200-1510] Running: set_directive_top -name single_cycle_regular_pulses single_cycle_regular_pulses 
INFO: [HLS 200-1510] Running: cosim_design -trace_level all 
INFO: [COSIM 212-47] Using XSIM for RTL simulation.
INFO: [COSIM 212-14] Instrumenting C test bench ...
   Build using "/tools/Xilinx/Vitis_HLS/2022.1/tps/lnx64/gcc-8.3.0/bin/g++"
   Compiling single_cycle_regular_pulses-tb.cpp_pre.cpp.tb.cpp
   Compiling apatb_single_cycle_regular_pulses.cpp
   Compiling single_cycle_regular_pulses.cpp_pre.cpp.tb.cpp
   Compiling apatb_single_cycle_regular_pulses_ir.ll
   Generating cosim.tv.exe
INFO: [COSIM 212-302] Starting C TB testing ... 


0000000000000000000100000000000000000001000000000000000000010000000000000000000100000000000000000001


ERROR: [COSIM 212-330] Aborting co-simulation: top function 'single_cycle_regular_pulses' is not invoked in the test bench.
ERROR: [COSIM 212-5] *** C/RTL co-simulation file generation failed. ***
ERROR: [COSIM 212-4] *** C/RTL co-simulation finished: FAIL ***
INFO: [HLS 200-111] Finished Command cosim_design CPU user time: 4.05 seconds. CPU system time: 1.38 seconds. Elapsed time: 6.75 seconds; current allocated memory: -1031.355 MB.
command 'ap_source' returned error code
    while executing
"source /media/sf_lab/lab4_sequential/single_cycle_regular_pulse/hls/hls_ip/solution1/cosim.tcl"
    invoked from within
"hls::main /media/sf_lab/lab4_sequential/single_cycle_regular_pulse/hls/hls_ip/solution1/cosim.tcl"
    ("uplevel" body line 1)
    invoked from within
"uplevel 1 hls::main {*}$newargs"
    (procedure "hls_proc" line 16)
    invoked from within
"hls_proc [info nameofexecutable] $argv"
INFO: [HLS 200-112] Total CPU user time: 9.16 seconds. Total CPU system time: 2.42 seconds. Total elapsed time: 10.67 seconds; peak allocated memory: 464.977 MB.
