Copyright 1986-2022 Xilinx, Inc. All Rights Reserved.
---------------------------------------------------------------------------------------------------------------------------------------------------------------------------------------------------------------------------
| Tool Version : Vivado v.2022.1 (lin64) Build 3526262 Mon Apr 18 15:47:01 MDT 2022
| Date         : Thu Aug 17 23:30:35 2023
| Host         : ubuntu2004 running 64-bit Ubuntu 20.04.4 LTS
| Command      : report_timing_summary -max_paths 10 -report_unconstrained -file binary2bcd_timing_summary_routed.rpt -pb binary2bcd_timing_summary_routed.pb -rpx binary2bcd_timing_summary_routed.rpx -warn_on_violation
| Design       : binary2bcd
| Device       : 7a35t-cpg236
| Speed File   : -1  PRODUCTION 1.23 2018-06-13
---------------------------------------------------------------------------------------------------------------------------------------------------------------------------------------------------------------------------

Timing Summary Report

------------------------------------------------------------------------------------------------
| Timer Settings
| --------------
------------------------------------------------------------------------------------------------

  Enable Multi Corner Analysis               :  Yes
  Enable Pessimism Removal                   :  Yes
  Pessimism Removal Resolution               :  Nearest Common Node
  Enable Input Delay Default Clock           :  No
  Enable Preset / Clear Arcs                 :  No
  Disable Flight Delays                      :  No
  Ignore I/O Paths                           :  No
  Timing Early Launch at Borrowing Latches   :  No
  Borrow Time for Max Delay Exceptions       :  Yes
  Merge Timing Exceptions                    :  Yes

  Corner  Analyze    Analyze    
  Name    Max Paths  Min Paths  
  ------  ---------  ---------  
  Slow    Yes        Yes        
  Fast    Yes        Yes        


------------------------------------------------------------------------------------------------
| Report Methodology
| ------------------
------------------------------------------------------------------------------------------------

Rule  Severity  Description  Violations  
----  --------  -----------  ----------  

Note: This report is based on the most recent report_methodology run and may not be up-to-date. Run report_methodology on the current design for the latest report.



check_timing report

Table of Contents
-----------------
1. checking no_clock (0)
2. checking constant_clock (0)
3. checking pulse_width_clock (0)
4. checking unconstrained_internal_endpoints (0)
5. checking no_input_delay (0)
6. checking no_output_delay (0)
7. checking multiple_clock (0)
8. checking generated_clocks (0)
9. checking loops (0)
10. checking partial_input_delay (0)
11. checking partial_output_delay (0)
12. checking latch_loops (0)

1. checking no_clock (0)
------------------------
 There are 0 register/latch pins with no clock.


2. checking constant_clock (0)
------------------------------
 There are 0 register/latch pins with constant_clock.


3. checking pulse_width_clock (0)
---------------------------------
 There are 0 register/latch pins which need pulse_width check


4. checking unconstrained_internal_endpoints (0)
------------------------------------------------
 There are 0 pins that are not constrained for maximum delay.

 There are 0 pins that are not constrained for maximum delay due to constant clock.


5. checking no_input_delay (0)
------------------------------
 There are 0 input ports with no input delay specified.

 There are 0 input ports with no input delay but user has a false path constraint.


6. checking no_output_delay (0)
-------------------------------
 There are 0 ports with no output delay specified.

 There are 0 ports with no output delay but user has a false path constraint

 There are 0 ports with no output delay but with a timing clock defined on it or propagating through it


7. checking multiple_clock (0)
------------------------------
 There are 0 register/latch pins with multiple clocks.


8. checking generated_clocks (0)
--------------------------------
 There are 0 generated clocks that are not connected to a clock source.


9. checking loops (0)
---------------------
 There are 0 combinational loops in the design.


10. checking partial_input_delay (0)
------------------------------------
 There are 0 input ports with partial input delay specified.


11. checking partial_output_delay (0)
-------------------------------------
 There are 0 ports with partial output delay specified.


12. checking latch_loops (0)
----------------------------
 There are 0 combinational latch loops in the design through latch input



------------------------------------------------------------------------------------------------
| Design Timing Summary
| ---------------------
------------------------------------------------------------------------------------------------

    WNS(ns)      TNS(ns)  TNS Failing Endpoints  TNS Total Endpoints      WHS(ns)      THS(ns)  THS Failing Endpoints  THS Total Endpoints     WPWS(ns)     TPWS(ns)  TPWS Failing Endpoints  TPWS Total Endpoints  
    -------      -------  ---------------------  -------------------      -------      -------  ---------------------  -------------------     --------     --------  ----------------------  --------------------  
        inf        0.000                      0                   16          inf        0.000                      0                   16           NA           NA                      NA                    NA  


There are no user specified timing constraints.


------------------------------------------------------------------------------------------------
| Clock Summary
| -------------
------------------------------------------------------------------------------------------------


------------------------------------------------------------------------------------------------
| Intra Clock Table
| -----------------
------------------------------------------------------------------------------------------------

Clock             WNS(ns)      TNS(ns)  TNS Failing Endpoints  TNS Total Endpoints      WHS(ns)      THS(ns)  THS Failing Endpoints  THS Total Endpoints     WPWS(ns)     TPWS(ns)  TPWS Failing Endpoints  TPWS Total Endpoints  
-----             -------      -------  ---------------------  -------------------      -------      -------  ---------------------  -------------------     --------     --------  ----------------------  --------------------  


------------------------------------------------------------------------------------------------
| Inter Clock Table
| -----------------
------------------------------------------------------------------------------------------------

From Clock    To Clock          WNS(ns)      TNS(ns)  TNS Failing Endpoints  TNS Total Endpoints      WHS(ns)      THS(ns)  THS Failing Endpoints  THS Total Endpoints  
----------    --------          -------      -------  ---------------------  -------------------      -------      -------  ---------------------  -------------------  


------------------------------------------------------------------------------------------------
| Other Path Groups Table
| -----------------------
------------------------------------------------------------------------------------------------

Path Group    From Clock    To Clock          WNS(ns)      TNS(ns)  TNS Failing Endpoints  TNS Total Endpoints      WHS(ns)      THS(ns)  THS Failing Endpoints  THS Total Endpoints  
----------    ----------    --------          -------      -------  ---------------------  -------------------      -------      -------  ---------------------  -------------------  


------------------------------------------------------------------------------------------------
| User Ignored Path Table
| -----------------------
------------------------------------------------------------------------------------------------

Path Group    From Clock    To Clock    
----------    ----------    --------    


------------------------------------------------------------------------------------------------
| Unconstrained Path Table
| ------------------------
------------------------------------------------------------------------------------------------

Path Group    From Clock    To Clock    
----------    ----------    --------    
(none)                                    


------------------------------------------------------------------------------------------------
| Timing Details
| --------------
------------------------------------------------------------------------------------------------


--------------------------------------------------------------------------------------
Path Group:  (none)
From Clock:  
  To Clock:  

Max Delay            16 Endpoints
Min Delay            16 Endpoints
--------------------------------------------------------------------------------------


Max Delay Paths
--------------------------------------------------------------------------------------
Slack:                    inf
  Source:                 binary_in[13]
                            (input port)
  Destination:            bcd[5]
                            (output port)
  Path Group:             (none)
  Path Type:              Max at Slow Process Corner
  Data Path Delay:        13.640ns  (logic 4.505ns (33.027%)  route 9.135ns (66.973%))
  Logic Levels:           8  (IBUF=1 LUT5=1 LUT6=5 OBUF=1)

    Location             Delay type                Incr(ns)  Path(ns)    Netlist Resource(s)
  -------------------------------------------------------------------    -------------------
    R19                                               0.000     0.000 r  binary_in[13] (IN)
                         net (fo=0)                   0.000     0.000    binary_in[13]
    R19                  IBUF (Prop_ibuf_I_O)         0.934     0.934 r  binary_in_IBUF[13]_inst/O
                         net (fo=8, routed)           2.190     3.124    binary_in_IBUF[13]
    SLICE_X1Y17          LUT5 (Prop_lut5_I3_O)        0.152     3.276 r  bcd_OBUF[15]_inst_i_10/O
                         net (fo=5, routed)           0.890     4.165    bcd_OBUF[15]_inst_i_10_n_0
    SLICE_X0Y17          LUT6 (Prop_lut6_I4_O)        0.326     4.491 r  bcd_OBUF[15]_inst_i_12/O
                         net (fo=7, routed)           0.829     5.320    bcd_OBUF[15]_inst_i_12_n_0
    SLICE_X1Y16          LUT6 (Prop_lut6_I2_O)        0.124     5.444 r  bcd_OBUF[12]_inst_i_7/O
                         net (fo=7, routed)           0.855     6.299    bcd_OBUF[12]_inst_i_7_n_0
    SLICE_X3Y17          LUT6 (Prop_lut6_I2_O)        0.124     6.423 r  bcd_OBUF[8]_inst_i_4/O
                         net (fo=10, routed)          1.025     7.448    bcd_OBUF[8]_inst_i_4_n_0
    SLICE_X0Y17          LUT6 (Prop_lut6_I3_O)        0.124     7.572 r  bcd_OBUF[8]_inst_i_2/O
                         net (fo=8, routed)           1.417     8.989    bcd_OBUF[8]_inst_i_2_n_0
    SLICE_X0Y14          LUT6 (Prop_lut6_I5_O)        0.124     9.113 r  bcd_OBUF[5]_inst_i_1/O
                         net (fo=1, routed)           1.929    11.043    bcd_OBUF[5]
    W14                  OBUF (Prop_obuf_I_O)         2.598    13.640 r  bcd_OBUF[5]_inst/O
                         net (fo=0)                   0.000    13.640    bcd[5]
    W14                                                               r  bcd[5] (OUT)
  -------------------------------------------------------------------    -------------------

Slack:                    inf
  Source:                 binary_in[13]
                            (input port)
  Destination:            bcd[6]
                            (output port)
  Path Group:             (none)
  Path Type:              Max at Slow Process Corner
  Data Path Delay:        13.583ns  (logic 4.514ns (33.233%)  route 9.069ns (66.767%))
  Logic Levels:           8  (IBUF=1 LUT5=1 LUT6=5 OBUF=1)

    Location             Delay type                Incr(ns)  Path(ns)    Netlist Resource(s)
  -------------------------------------------------------------------    -------------------
    R19                                               0.000     0.000 r  binary_in[13] (IN)
                         net (fo=0)                   0.000     0.000    binary_in[13]
    R19                  IBUF (Prop_ibuf_I_O)         0.934     0.934 r  binary_in_IBUF[13]_inst/O
                         net (fo=8, routed)           2.190     3.124    binary_in_IBUF[13]
    SLICE_X1Y17          LUT5 (Prop_lut5_I3_O)        0.152     3.276 r  bcd_OBUF[15]_inst_i_10/O
                         net (fo=5, routed)           0.890     4.165    bcd_OBUF[15]_inst_i_10_n_0
    SLICE_X0Y17          LUT6 (Prop_lut6_I4_O)        0.326     4.491 r  bcd_OBUF[15]_inst_i_12/O
                         net (fo=7, routed)           0.829     5.320    bcd_OBUF[15]_inst_i_12_n_0
    SLICE_X1Y16          LUT6 (Prop_lut6_I2_O)        0.124     5.444 r  bcd_OBUF[12]_inst_i_7/O
                         net (fo=7, routed)           0.855     6.299    bcd_OBUF[12]_inst_i_7_n_0
    SLICE_X3Y17          LUT6 (Prop_lut6_I2_O)        0.124     6.423 r  bcd_OBUF[8]_inst_i_4/O
                         net (fo=10, routed)          1.025     7.448    bcd_OBUF[8]_inst_i_4_n_0
    SLICE_X0Y17          LUT6 (Prop_lut6_I3_O)        0.124     7.572 r  bcd_OBUF[8]_inst_i_2/O
                         net (fo=8, routed)           1.420     8.992    bcd_OBUF[8]_inst_i_2_n_0
    SLICE_X0Y14          LUT6 (Prop_lut6_I2_O)        0.124     9.116 r  bcd_OBUF[6]_inst_i_1/O
                         net (fo=1, routed)           1.860    10.977    bcd_OBUF[6]
    W13                  OBUF (Prop_obuf_I_O)         2.607    13.583 r  bcd_OBUF[6]_inst/O
                         net (fo=0)                   0.000    13.583    bcd[6]
    W13                                                               r  bcd[6] (OUT)
  -------------------------------------------------------------------    -------------------

Slack:                    inf
  Source:                 binary_in[13]
                            (input port)
  Destination:            bcd[2]
                            (output port)
  Path Group:             (none)
  Path Type:              Max at Slow Process Corner
  Data Path Delay:        13.574ns  (logic 4.505ns (33.185%)  route 9.070ns (66.815%))
  Logic Levels:           8  (IBUF=1 LUT5=1 LUT6=5 OBUF=1)

    Location             Delay type                Incr(ns)  Path(ns)    Netlist Resource(s)
  -------------------------------------------------------------------    -------------------
    R19                                               0.000     0.000 r  binary_in[13] (IN)
                         net (fo=0)                   0.000     0.000    binary_in[13]
    R19                  IBUF (Prop_ibuf_I_O)         0.934     0.934 r  binary_in_IBUF[13]_inst/O
                         net (fo=8, routed)           2.190     3.124    binary_in_IBUF[13]
    SLICE_X1Y17          LUT5 (Prop_lut5_I3_O)        0.152     3.276 r  bcd_OBUF[15]_inst_i_10/O
                         net (fo=5, routed)           0.890     4.165    bcd_OBUF[15]_inst_i_10_n_0
    SLICE_X0Y17          LUT6 (Prop_lut6_I4_O)        0.326     4.491 r  bcd_OBUF[15]_inst_i_12/O
                         net (fo=7, routed)           0.829     5.320    bcd_OBUF[15]_inst_i_12_n_0
    SLICE_X1Y16          LUT6 (Prop_lut6_I2_O)        0.124     5.444 r  bcd_OBUF[12]_inst_i_7/O
                         net (fo=7, routed)           0.855     6.299    bcd_OBUF[12]_inst_i_7_n_0
    SLICE_X3Y17          LUT6 (Prop_lut6_I2_O)        0.124     6.423 r  bcd_OBUF[8]_inst_i_4/O
                         net (fo=10, routed)          1.025     7.448    bcd_OBUF[8]_inst_i_4_n_0
    SLICE_X0Y17          LUT6 (Prop_lut6_I3_O)        0.124     7.572 r  bcd_OBUF[8]_inst_i_2/O
                         net (fo=8, routed)           1.060     8.632    bcd_OBUF[8]_inst_i_2_n_0
    SLICE_X0Y16          LUT6 (Prop_lut6_I1_O)        0.124     8.756 r  bcd_OBUF[2]_inst_i_1/O
                         net (fo=1, routed)           2.221    10.977    bcd_OBUF[2]
    V13                  OBUF (Prop_obuf_I_O)         2.597    13.574 r  bcd_OBUF[2]_inst/O
                         net (fo=0)                   0.000    13.574    bcd[2]
    V13                                                               r  bcd[2] (OUT)
  -------------------------------------------------------------------    -------------------

Slack:                    inf
  Source:                 binary_in[13]
                            (input port)
  Destination:            bcd[1]
                            (output port)
  Path Group:             (none)
  Path Type:              Max at Slow Process Corner
  Data Path Delay:        13.499ns  (logic 4.501ns (33.343%)  route 8.998ns (66.657%))
  Logic Levels:           8  (IBUF=1 LUT5=1 LUT6=5 OBUF=1)

    Location             Delay type                Incr(ns)  Path(ns)    Netlist Resource(s)
  -------------------------------------------------------------------    -------------------
    R19                                               0.000     0.000 r  binary_in[13] (IN)
                         net (fo=0)                   0.000     0.000    binary_in[13]
    R19                  IBUF (Prop_ibuf_I_O)         0.934     0.934 r  binary_in_IBUF[13]_inst/O
                         net (fo=8, routed)           2.190     3.124    binary_in_IBUF[13]
    SLICE_X1Y17          LUT5 (Prop_lut5_I3_O)        0.152     3.276 r  bcd_OBUF[15]_inst_i_10/O
                         net (fo=5, routed)           0.890     4.165    bcd_OBUF[15]_inst_i_10_n_0
    SLICE_X0Y17          LUT6 (Prop_lut6_I4_O)        0.326     4.491 r  bcd_OBUF[15]_inst_i_12/O
                         net (fo=7, routed)           0.829     5.320    bcd_OBUF[15]_inst_i_12_n_0
    SLICE_X1Y16          LUT6 (Prop_lut6_I2_O)        0.124     5.444 r  bcd_OBUF[12]_inst_i_7/O
                         net (fo=7, routed)           0.855     6.299    bcd_OBUF[12]_inst_i_7_n_0
    SLICE_X3Y17          LUT6 (Prop_lut6_I2_O)        0.124     6.423 r  bcd_OBUF[8]_inst_i_4/O
                         net (fo=10, routed)          1.025     7.448    bcd_OBUF[8]_inst_i_4_n_0
    SLICE_X0Y17          LUT6 (Prop_lut6_I3_O)        0.124     7.572 r  bcd_OBUF[8]_inst_i_2/O
                         net (fo=8, routed)           1.065     8.637    bcd_OBUF[8]_inst_i_2_n_0
    SLICE_X0Y16          LUT6 (Prop_lut6_I0_O)        0.124     8.761 r  bcd_OBUF[1]_inst_i_1/O
                         net (fo=1, routed)           2.144    10.906    bcd_OBUF[1]
    V14                  OBUF (Prop_obuf_I_O)         2.594    13.499 r  bcd_OBUF[1]_inst/O
                         net (fo=0)                   0.000    13.499    bcd[1]
    V14                                                               r  bcd[1] (OUT)
  -------------------------------------------------------------------    -------------------

Slack:                    inf
  Source:                 binary_in[13]
                            (input port)
  Destination:            bcd[3]
                            (output port)
  Path Group:             (none)
  Path Type:              Max at Slow Process Corner
  Data Path Delay:        13.257ns  (logic 4.505ns (33.985%)  route 8.752ns (66.015%))
  Logic Levels:           8  (IBUF=1 LUT5=1 LUT6=5 OBUF=1)

    Location             Delay type                Incr(ns)  Path(ns)    Netlist Resource(s)
  -------------------------------------------------------------------    -------------------
    R19                                               0.000     0.000 r  binary_in[13] (IN)
                         net (fo=0)                   0.000     0.000    binary_in[13]
    R19                  IBUF (Prop_ibuf_I_O)         0.934     0.934 r  binary_in_IBUF[13]_inst/O
                         net (fo=8, routed)           2.190     3.124    binary_in_IBUF[13]
    SLICE_X1Y17          LUT5 (Prop_lut5_I3_O)        0.152     3.276 r  bcd_OBUF[15]_inst_i_10/O
                         net (fo=5, routed)           0.890     4.165    bcd_OBUF[15]_inst_i_10_n_0
    SLICE_X0Y17          LUT6 (Prop_lut6_I4_O)        0.326     4.491 r  bcd_OBUF[15]_inst_i_12/O
                         net (fo=7, routed)           0.829     5.320    bcd_OBUF[15]_inst_i_12_n_0
    SLICE_X1Y16          LUT6 (Prop_lut6_I2_O)        0.124     5.444 r  bcd_OBUF[12]_inst_i_7/O
                         net (fo=7, routed)           0.855     6.299    bcd_OBUF[12]_inst_i_7_n_0
    SLICE_X3Y17          LUT6 (Prop_lut6_I2_O)        0.124     6.423 r  bcd_OBUF[8]_inst_i_4/O
                         net (fo=10, routed)          1.025     7.448    bcd_OBUF[8]_inst_i_4_n_0
    SLICE_X0Y17          LUT6 (Prop_lut6_I3_O)        0.124     7.572 r  bcd_OBUF[8]_inst_i_2/O
                         net (fo=8, routed)           1.041     8.613    bcd_OBUF[8]_inst_i_2_n_0
    SLICE_X1Y15          LUT6 (Prop_lut6_I5_O)        0.124     8.737 r  bcd_OBUF[3]_inst_i_1/O
                         net (fo=1, routed)           1.922    10.659    bcd_OBUF[3]
    U16                  OBUF (Prop_obuf_I_O)         2.598    13.257 r  bcd_OBUF[3]_inst/O
                         net (fo=0)                   0.000    13.257    bcd[3]
    U16                                                               r  bcd[3] (OUT)
  -------------------------------------------------------------------    -------------------

Slack:                    inf
  Source:                 binary_in[13]
                            (input port)
  Destination:            bcd[10]
                            (output port)
  Path Group:             (none)
  Path Type:              Max at Slow Process Corner
  Data Path Delay:        13.205ns  (logic 4.519ns (34.222%)  route 8.686ns (65.778%))
  Logic Levels:           8  (IBUF=1 LUT5=1 LUT6=5 OBUF=1)

    Location             Delay type                Incr(ns)  Path(ns)    Netlist Resource(s)
  -------------------------------------------------------------------    -------------------
    R19                                               0.000     0.000 r  binary_in[13] (IN)
                         net (fo=0)                   0.000     0.000    binary_in[13]
    R19                  IBUF (Prop_ibuf_I_O)         0.934     0.934 r  binary_in_IBUF[13]_inst/O
                         net (fo=8, routed)           2.190     3.124    binary_in_IBUF[13]
    SLICE_X1Y17          LUT5 (Prop_lut5_I3_O)        0.152     3.276 r  bcd_OBUF[15]_inst_i_10/O
                         net (fo=5, routed)           0.890     4.165    bcd_OBUF[15]_inst_i_10_n_0
    SLICE_X0Y17          LUT6 (Prop_lut6_I4_O)        0.326     4.491 r  bcd_OBUF[15]_inst_i_12/O
                         net (fo=7, routed)           0.829     5.320    bcd_OBUF[15]_inst_i_12_n_0
    SLICE_X1Y16          LUT6 (Prop_lut6_I2_O)        0.124     5.444 r  bcd_OBUF[12]_inst_i_7/O
                         net (fo=7, routed)           0.855     6.299    bcd_OBUF[12]_inst_i_7_n_0
    SLICE_X3Y17          LUT6 (Prop_lut6_I2_O)        0.124     6.423 r  bcd_OBUF[8]_inst_i_4/O
                         net (fo=10, routed)          1.193     7.616    bcd_OBUF[8]_inst_i_4_n_0
    SLICE_X0Y16          LUT6 (Prop_lut6_I4_O)        0.124     7.740 r  bcd_OBUF[12]_inst_i_2/O
                         net (fo=8, routed)           1.005     8.745    bcd_OBUF[12]_inst_i_2_n_0
    SLICE_X0Y13          LUT6 (Prop_lut6_I2_O)        0.124     8.869 r  bcd_OBUF[10]_inst_i_1/O
                         net (fo=1, routed)           1.725    10.594    bcd_OBUF[10]
    W16                  OBUF (Prop_obuf_I_O)         2.612    13.205 r  bcd_OBUF[10]_inst/O
                         net (fo=0)                   0.000    13.205    bcd[10]
    W16                                                               r  bcd[10] (OUT)
  -------------------------------------------------------------------    -------------------

Slack:                    inf
  Source:                 binary_in[13]
                            (input port)
  Destination:            bcd[7]
                            (output port)
  Path Group:             (none)
  Path Type:              Max at Slow Process Corner
  Data Path Delay:        13.166ns  (logic 4.506ns (34.224%)  route 8.660ns (65.776%))
  Logic Levels:           8  (IBUF=1 LUT5=1 LUT6=5 OBUF=1)

    Location             Delay type                Incr(ns)  Path(ns)    Netlist Resource(s)
  -------------------------------------------------------------------    -------------------
    R19                                               0.000     0.000 r  binary_in[13] (IN)
                         net (fo=0)                   0.000     0.000    binary_in[13]
    R19                  IBUF (Prop_ibuf_I_O)         0.934     0.934 r  binary_in_IBUF[13]_inst/O
                         net (fo=8, routed)           2.190     3.124    binary_in_IBUF[13]
    SLICE_X1Y17          LUT5 (Prop_lut5_I3_O)        0.152     3.276 r  bcd_OBUF[15]_inst_i_10/O
                         net (fo=5, routed)           0.890     4.165    bcd_OBUF[15]_inst_i_10_n_0
    SLICE_X0Y17          LUT6 (Prop_lut6_I4_O)        0.326     4.491 r  bcd_OBUF[15]_inst_i_12/O
                         net (fo=7, routed)           0.829     5.320    bcd_OBUF[15]_inst_i_12_n_0
    SLICE_X1Y16          LUT6 (Prop_lut6_I2_O)        0.124     5.444 r  bcd_OBUF[12]_inst_i_7/O
                         net (fo=7, routed)           0.855     6.299    bcd_OBUF[12]_inst_i_7_n_0
    SLICE_X3Y17          LUT6 (Prop_lut6_I2_O)        0.124     6.423 r  bcd_OBUF[8]_inst_i_4/O
                         net (fo=10, routed)          1.025     7.448    bcd_OBUF[8]_inst_i_4_n_0
    SLICE_X0Y17          LUT6 (Prop_lut6_I3_O)        0.124     7.572 r  bcd_OBUF[8]_inst_i_2/O
                         net (fo=8, routed)           0.998     8.570    bcd_OBUF[8]_inst_i_2_n_0
    SLICE_X0Y14          LUT6 (Prop_lut6_I0_O)        0.124     8.694 r  bcd_OBUF[7]_inst_i_1/O
                         net (fo=1, routed)           1.874    10.568    bcd_OBUF[7]
    W15                  OBUF (Prop_obuf_I_O)         2.599    13.166 r  bcd_OBUF[7]_inst/O
                         net (fo=0)                   0.000    13.166    bcd[7]
    W15                                                               r  bcd[7] (OUT)
  -------------------------------------------------------------------    -------------------

Slack:                    inf
  Source:                 binary_in[13]
                            (input port)
  Destination:            bcd[8]
                            (output port)
  Path Group:             (none)
  Path Type:              Max at Slow Process Corner
  Data Path Delay:        13.162ns  (logic 4.521ns (34.352%)  route 8.641ns (65.648%))
  Logic Levels:           8  (IBUF=1 LUT5=1 LUT6=5 OBUF=1)

    Location             Delay type                Incr(ns)  Path(ns)    Netlist Resource(s)
  -------------------------------------------------------------------    -------------------
    R19                                               0.000     0.000 r  binary_in[13] (IN)
                         net (fo=0)                   0.000     0.000    binary_in[13]
    R19                  IBUF (Prop_ibuf_I_O)         0.934     0.934 r  binary_in_IBUF[13]_inst/O
                         net (fo=8, routed)           2.190     3.124    binary_in_IBUF[13]
    SLICE_X1Y17          LUT5 (Prop_lut5_I3_O)        0.152     3.276 r  bcd_OBUF[15]_inst_i_10/O
                         net (fo=5, routed)           0.890     4.165    bcd_OBUF[15]_inst_i_10_n_0
    SLICE_X0Y17          LUT6 (Prop_lut6_I4_O)        0.326     4.491 r  bcd_OBUF[15]_inst_i_12/O
                         net (fo=7, routed)           0.829     5.320    bcd_OBUF[15]_inst_i_12_n_0
    SLICE_X1Y16          LUT6 (Prop_lut6_I2_O)        0.124     5.444 r  bcd_OBUF[12]_inst_i_7/O
                         net (fo=7, routed)           0.855     6.299    bcd_OBUF[12]_inst_i_7_n_0
    SLICE_X3Y17          LUT6 (Prop_lut6_I2_O)        0.124     6.423 r  bcd_OBUF[8]_inst_i_4/O
                         net (fo=10, routed)          1.025     7.448    bcd_OBUF[8]_inst_i_4_n_0
    SLICE_X0Y17          LUT6 (Prop_lut6_I3_O)        0.124     7.572 r  bcd_OBUF[8]_inst_i_2/O
                         net (fo=8, routed)           0.993     8.566    bcd_OBUF[8]_inst_i_2_n_0
    SLICE_X0Y14          LUT6 (Prop_lut6_I0_O)        0.124     8.690 r  bcd_OBUF[8]_inst_i_1/O
                         net (fo=1, routed)           1.859    10.548    bcd_OBUF[8]
    V15                  OBUF (Prop_obuf_I_O)         2.614    13.162 r  bcd_OBUF[8]_inst/O
                         net (fo=0)                   0.000    13.162    bcd[8]
    V15                                                               r  bcd[8] (OUT)
  -------------------------------------------------------------------    -------------------

Slack:                    inf
  Source:                 binary_in[13]
                            (input port)
  Destination:            bcd[11]
                            (output port)
  Path Group:             (none)
  Path Type:              Max at Slow Process Corner
  Data Path Delay:        13.144ns  (logic 4.508ns (34.298%)  route 8.636ns (65.702%))
  Logic Levels:           8  (IBUF=1 LUT5=1 LUT6=5 OBUF=1)

    Location             Delay type                Incr(ns)  Path(ns)    Netlist Resource(s)
  -------------------------------------------------------------------    -------------------
    R19                                               0.000     0.000 r  binary_in[13] (IN)
                         net (fo=0)                   0.000     0.000    binary_in[13]
    R19                  IBUF (Prop_ibuf_I_O)         0.934     0.934 r  binary_in_IBUF[13]_inst/O
                         net (fo=8, routed)           2.190     3.124    binary_in_IBUF[13]
    SLICE_X1Y17          LUT5 (Prop_lut5_I3_O)        0.152     3.276 r  bcd_OBUF[15]_inst_i_10/O
                         net (fo=5, routed)           0.890     4.165    bcd_OBUF[15]_inst_i_10_n_0
    SLICE_X0Y17          LUT6 (Prop_lut6_I4_O)        0.326     4.491 r  bcd_OBUF[15]_inst_i_12/O
                         net (fo=7, routed)           0.829     5.320    bcd_OBUF[15]_inst_i_12_n_0
    SLICE_X1Y16          LUT6 (Prop_lut6_I2_O)        0.124     5.444 r  bcd_OBUF[12]_inst_i_7/O
                         net (fo=7, routed)           0.855     6.299    bcd_OBUF[12]_inst_i_7_n_0
    SLICE_X3Y17          LUT6 (Prop_lut6_I2_O)        0.124     6.423 r  bcd_OBUF[8]_inst_i_4/O
                         net (fo=10, routed)          1.193     7.616    bcd_OBUF[8]_inst_i_4_n_0
    SLICE_X0Y16          LUT6 (Prop_lut6_I4_O)        0.124     7.740 r  bcd_OBUF[12]_inst_i_2/O
                         net (fo=8, routed)           1.008     8.748    bcd_OBUF[12]_inst_i_2_n_0
    SLICE_X0Y13          LUT6 (Prop_lut6_I0_O)        0.124     8.872 r  bcd_OBUF[11]_inst_i_1/O
                         net (fo=1, routed)           1.671    10.543    bcd_OBUF[11]
    V17                  OBUF (Prop_obuf_I_O)         2.601    13.144 r  bcd_OBUF[11]_inst/O
                         net (fo=0)                   0.000    13.144    bcd[11]
    V17                                                               r  bcd[11] (OUT)
  -------------------------------------------------------------------    -------------------

Slack:                    inf
  Source:                 binary_in[13]
                            (input port)
  Destination:            bcd[9]
                            (output port)
  Path Group:             (none)
  Path Type:              Max at Slow Process Corner
  Data Path Delay:        12.969ns  (logic 4.504ns (34.728%)  route 8.465ns (65.272%))
  Logic Levels:           8  (IBUF=1 LUT5=1 LUT6=5 OBUF=1)

    Location             Delay type                Incr(ns)  Path(ns)    Netlist Resource(s)
  -------------------------------------------------------------------    -------------------
    R19                                               0.000     0.000 r  binary_in[13] (IN)
                         net (fo=0)                   0.000     0.000    binary_in[13]
    R19                  IBUF (Prop_ibuf_I_O)         0.934     0.934 r  binary_in_IBUF[13]_inst/O
                         net (fo=8, routed)           2.190     3.124    binary_in_IBUF[13]
    SLICE_X1Y17          LUT5 (Prop_lut5_I3_O)        0.152     3.276 r  bcd_OBUF[15]_inst_i_10/O
                         net (fo=5, routed)           0.890     4.165    bcd_OBUF[15]_inst_i_10_n_0
    SLICE_X0Y17          LUT6 (Prop_lut6_I4_O)        0.326     4.491 r  bcd_OBUF[15]_inst_i_12/O
                         net (fo=7, routed)           0.829     5.320    bcd_OBUF[15]_inst_i_12_n_0
    SLICE_X1Y16          LUT6 (Prop_lut6_I2_O)        0.124     5.444 r  bcd_OBUF[12]_inst_i_7/O
                         net (fo=7, routed)           0.905     6.350    bcd_OBUF[12]_inst_i_7_n_0
    SLICE_X2Y17          LUT6 (Prop_lut6_I2_O)        0.124     6.474 r  bcd_OBUF[12]_inst_i_4/O
                         net (fo=10, routed)          1.108     7.581    bcd_OBUF[12]_inst_i_4_n_0
    SLICE_X1Y15          LUT6 (Prop_lut6_I5_O)        0.124     7.705 r  bcd_OBUF[15]_inst_i_7/O
                         net (fo=7, routed)           0.826     8.531    bcd_OBUF[15]_inst_i_7_n_0
    SLICE_X0Y13          LUT6 (Prop_lut6_I0_O)        0.124     8.655 r  bcd_OBUF[9]_inst_i_1/O
                         net (fo=1, routed)           1.717    10.373    bcd_OBUF[9]
    W17                  OBUF (Prop_obuf_I_O)         2.596    12.969 r  bcd_OBUF[9]_inst/O
                         net (fo=0)                   0.000    12.969    bcd[9]
    W17                                                               r  bcd[9] (OUT)
  -------------------------------------------------------------------    -------------------





Min Delay Paths
--------------------------------------------------------------------------------------
Slack:                    inf
  Source:                 binary_in[0]
                            (input port)
  Destination:            bcd[0]
                            (output port)
  Path Group:             (none)
  Path Type:              Min at Fast Process Corner
  Data Path Delay:        1.996ns  (logic 1.282ns (64.192%)  route 0.715ns (35.808%))
  Logic Levels:           2  (IBUF=1 OBUF=1)

    Location             Delay type                Incr(ns)  Path(ns)    Netlist Resource(s)
  -------------------------------------------------------------------    -------------------
    T17                                               0.000     0.000 r  binary_in[0] (IN)
                         net (fo=0)                   0.000     0.000    binary_in[0]
    T17                  IBUF (Prop_ibuf_I_O)         0.165     0.165 r  binary_in_IBUF[0]_inst/O
                         net (fo=1, routed)           0.715     0.880    bcd_OBUF[0]
    U14                  OBUF (Prop_obuf_I_O)         1.116     1.996 r  bcd_OBUF[0]_inst/O
                         net (fo=0)                   0.000     1.996    bcd[0]
    U14                                                               r  bcd[0] (OUT)
  -------------------------------------------------------------------    -------------------

Slack:                    inf
  Source:                 binary_in[2]
                            (input port)
  Destination:            bcd[3]
                            (output port)
  Path Group:             (none)
  Path Type:              Min at Fast Process Corner
  Data Path Delay:        2.206ns  (logic 1.328ns (60.193%)  route 0.878ns (39.807%))
  Logic Levels:           3  (IBUF=1 LUT6=1 OBUF=1)

    Location             Delay type                Incr(ns)  Path(ns)    Netlist Resource(s)
  -------------------------------------------------------------------    -------------------
    W18                                               0.000     0.000 r  binary_in[2] (IN)
                         net (fo=0)                   0.000     0.000    binary_in[2]
    W18                  IBUF (Prop_ibuf_I_O)         0.168     0.168 r  binary_in_IBUF[2]_inst/O
                         net (fo=5, routed)           0.428     0.596    binary_in_IBUF[2]
    SLICE_X1Y15          LUT6 (Prop_lut6_I3_O)        0.045     0.641 r  bcd_OBUF[3]_inst_i_1/O
                         net (fo=1, routed)           0.450     1.091    bcd_OBUF[3]
    U16                  OBUF (Prop_obuf_I_O)         1.115     2.206 r  bcd_OBUF[3]_inst/O
                         net (fo=0)                   0.000     2.206    bcd[3]
    U16                                                               r  bcd[3] (OUT)
  -------------------------------------------------------------------    -------------------

Slack:                    inf
  Source:                 binary_in[1]
                            (input port)
  Destination:            bcd[1]
                            (output port)
  Path Group:             (none)
  Path Type:              Min at Fast Process Corner
  Data Path Delay:        2.233ns  (logic 1.321ns (59.178%)  route 0.911ns (40.822%))
  Logic Levels:           3  (IBUF=1 LUT6=1 OBUF=1)

    Location             Delay type                Incr(ns)  Path(ns)    Netlist Resource(s)
  -------------------------------------------------------------------    -------------------
    W19                                               0.000     0.000 r  binary_in[1] (IN)
                         net (fo=0)                   0.000     0.000    binary_in[1]
    W19                  IBUF (Prop_ibuf_I_O)         0.165     0.165 r  binary_in_IBUF[1]_inst/O
                         net (fo=4, routed)           0.368     0.533    binary_in_IBUF[1]
    SLICE_X0Y16          LUT6 (Prop_lut6_I5_O)        0.045     0.578 r  bcd_OBUF[1]_inst_i_1/O
                         net (fo=1, routed)           0.543     1.122    bcd_OBUF[1]
    V14                  OBUF (Prop_obuf_I_O)         1.111     2.233 r  bcd_OBUF[1]_inst/O
                         net (fo=0)                   0.000     2.233    bcd[1]
    V14                                                               r  bcd[1] (OUT)
  -------------------------------------------------------------------    -------------------

Slack:                    inf
  Source:                 binary_in[1]
                            (input port)
  Destination:            bcd[2]
                            (output port)
  Path Group:             (none)
  Path Type:              Min at Fast Process Corner
  Data Path Delay:        2.265ns  (logic 1.325ns (58.487%)  route 0.940ns (41.513%))
  Logic Levels:           3  (IBUF=1 LUT6=1 OBUF=1)

    Location             Delay type                Incr(ns)  Path(ns)    Netlist Resource(s)
  -------------------------------------------------------------------    -------------------
    W19                                               0.000     0.000 r  binary_in[1] (IN)
                         net (fo=0)                   0.000     0.000    binary_in[1]
    W19                  IBUF (Prop_ibuf_I_O)         0.165     0.165 r  binary_in_IBUF[1]_inst/O
                         net (fo=4, routed)           0.369     0.535    binary_in_IBUF[1]
    SLICE_X0Y16          LUT6 (Prop_lut6_I2_O)        0.045     0.580 r  bcd_OBUF[2]_inst_i_1/O
                         net (fo=1, routed)           0.571     1.151    bcd_OBUF[2]
    V13                  OBUF (Prop_obuf_I_O)         1.114     2.265 r  bcd_OBUF[2]_inst/O
                         net (fo=0)                   0.000     2.265    bcd[2]
    V13                                                               r  bcd[2] (OUT)
  -------------------------------------------------------------------    -------------------

Slack:                    inf
  Source:                 binary_in[2]
                            (input port)
  Destination:            bcd[4]
                            (output port)
  Path Group:             (none)
  Path Type:              Min at Fast Process Corner
  Data Path Delay:        2.357ns  (logic 1.337ns (56.752%)  route 1.019ns (43.248%))
  Logic Levels:           3  (IBUF=1 LUT6=1 OBUF=1)

    Location             Delay type                Incr(ns)  Path(ns)    Netlist Resource(s)
  -------------------------------------------------------------------    -------------------
    W18                                               0.000     0.000 r  binary_in[2] (IN)
                         net (fo=0)                   0.000     0.000    binary_in[2]
    W18                  IBUF (Prop_ibuf_I_O)         0.168     0.168 r  binary_in_IBUF[2]_inst/O
                         net (fo=5, routed)           0.514     0.682    binary_in_IBUF[2]
    SLICE_X1Y15          LUT6 (Prop_lut6_I3_O)        0.045     0.727 r  bcd_OBUF[4]_inst_i_1/O
                         net (fo=1, routed)           0.505     1.232    bcd_OBUF[4]
    U15                  OBUF (Prop_obuf_I_O)         1.125     2.357 r  bcd_OBUF[4]_inst/O
                         net (fo=0)                   0.000     2.357    bcd[4]
    U15                                                               r  bcd[4] (OUT)
  -------------------------------------------------------------------    -------------------

Slack:                    inf
  Source:                 binary_in[12]
                            (input port)
  Destination:            bcd[14]
                            (output port)
  Path Group:             (none)
  Path Type:              Min at Fast Process Corner
  Data Path Delay:        2.462ns  (logic 1.374ns (55.826%)  route 1.088ns (44.174%))
  Logic Levels:           4  (IBUF=1 LUT5=1 LUT6=1 OBUF=1)

    Location             Delay type                Incr(ns)  Path(ns)    Netlist Resource(s)
  -------------------------------------------------------------------    -------------------
    M18                                               0.000     0.000 r  binary_in[12] (IN)
                         net (fo=0)                   0.000     0.000    binary_in[12]
    M18                  IBUF (Prop_ibuf_I_O)         0.167     0.167 r  binary_in_IBUF[12]_inst/O
                         net (fo=8, routed)           0.541     0.708    binary_in_IBUF[12]
    SLICE_X1Y17          LUT5 (Prop_lut5_I4_O)        0.045     0.753 r  bcd_OBUF[15]_inst_i_4/O
                         net (fo=6, routed)           0.221     0.975    bcd_OBUF[15]_inst_i_4_n_0
    SLICE_X0Y15          LUT6 (Prop_lut6_I2_O)        0.045     1.020 r  bcd_OBUF[14]_inst_i_1/O
                         net (fo=1, routed)           0.325     1.345    bcd_OBUF[14]
    U17                  OBUF (Prop_obuf_I_O)         1.117     2.462 r  bcd_OBUF[14]_inst/O
                         net (fo=0)                   0.000     2.462    bcd[14]
    U17                                                               r  bcd[14] (OUT)
  -------------------------------------------------------------------    -------------------

Slack:                    inf
  Source:                 binary_in[12]
                            (input port)
  Destination:            bcd[15]
                            (output port)
  Path Group:             (none)
  Path Type:              Min at Fast Process Corner
  Data Path Delay:        2.478ns  (logic 1.376ns (55.522%)  route 1.102ns (44.478%))
  Logic Levels:           4  (IBUF=1 LUT5=1 LUT6=1 OBUF=1)

    Location             Delay type                Incr(ns)  Path(ns)    Netlist Resource(s)
  -------------------------------------------------------------------    -------------------
    M18                                               0.000     0.000 r  binary_in[12] (IN)
                         net (fo=0)                   0.000     0.000    binary_in[12]
    M18                  IBUF (Prop_ibuf_I_O)         0.167     0.167 r  binary_in_IBUF[12]_inst/O
                         net (fo=8, routed)           0.541     0.708    binary_in_IBUF[12]
    SLICE_X1Y17          LUT5 (Prop_lut5_I4_O)        0.045     0.753 r  bcd_OBUF[15]_inst_i_4/O
                         net (fo=6, routed)           0.223     0.976    bcd_OBUF[15]_inst_i_4_n_0
    SLICE_X0Y15          LUT6 (Prop_lut6_I2_O)        0.045     1.021 r  bcd_OBUF[15]_inst_i_1/O
                         net (fo=1, routed)           0.339     1.359    bcd_OBUF[15]
    T18                  OBUF (Prop_obuf_I_O)         1.119     2.478 r  bcd_OBUF[15]_inst/O
                         net (fo=0)                   0.000     2.478    bcd[15]
    T18                                                               r  bcd[15] (OUT)
  -------------------------------------------------------------------    -------------------

Slack:                    inf
  Source:                 binary_in[5]
                            (input port)
  Destination:            bcd[7]
                            (output port)
  Path Group:             (none)
  Path Type:              Min at Fast Process Corner
  Data Path Delay:        2.483ns  (logic 1.366ns (55.003%)  route 1.117ns (44.997%))
  Logic Levels:           4  (IBUF=1 LUT6=2 OBUF=1)

    Location             Delay type                Incr(ns)  Path(ns)    Netlist Resource(s)
  -------------------------------------------------------------------    -------------------
    R18                                               0.000     0.000 r  binary_in[5] (IN)
                         net (fo=0)                   0.000     0.000    binary_in[5]
    R18                  IBUF (Prop_ibuf_I_O)         0.160     0.160 r  binary_in_IBUF[5]_inst/O
                         net (fo=5, routed)           0.458     0.618    binary_in_IBUF[5]
    SLICE_X3Y16          LUT6 (Prop_lut6_I2_O)        0.045     0.663 r  bcd_OBUF[8]_inst_i_3/O
                         net (fo=10, routed)          0.247     0.910    bcd_OBUF[8]_inst_i_3_n_0
    SLICE_X0Y14          LUT6 (Prop_lut6_I2_O)        0.045     0.955 r  bcd_OBUF[7]_inst_i_1/O
                         net (fo=1, routed)           0.412     1.367    bcd_OBUF[7]
    W15                  OBUF (Prop_obuf_I_O)         1.116     2.483 r  bcd_OBUF[7]_inst/O
                         net (fo=0)                   0.000     2.483    bcd[7]
    W15                                                               r  bcd[7] (OUT)
  -------------------------------------------------------------------    -------------------

Slack:                    inf
  Source:                 binary_in[5]
                            (input port)
  Destination:            bcd[6]
                            (output port)
  Path Group:             (none)
  Path Type:              Min at Fast Process Corner
  Data Path Delay:        2.491ns  (logic 1.374ns (55.150%)  route 1.117ns (44.850%))
  Logic Levels:           4  (IBUF=1 LUT6=2 OBUF=1)

    Location             Delay type                Incr(ns)  Path(ns)    Netlist Resource(s)
  -------------------------------------------------------------------    -------------------
    R18                                               0.000     0.000 r  binary_in[5] (IN)
                         net (fo=0)                   0.000     0.000    binary_in[5]
    R18                  IBUF (Prop_ibuf_I_O)         0.160     0.160 r  binary_in_IBUF[5]_inst/O
                         net (fo=5, routed)           0.458     0.618    binary_in_IBUF[5]
    SLICE_X3Y16          LUT6 (Prop_lut6_I2_O)        0.045     0.663 r  bcd_OBUF[8]_inst_i_3/O
                         net (fo=10, routed)          0.236     0.898    bcd_OBUF[8]_inst_i_3_n_0
    SLICE_X0Y14          LUT6 (Prop_lut6_I4_O)        0.045     0.943 r  bcd_OBUF[6]_inst_i_1/O
                         net (fo=1, routed)           0.423     1.367    bcd_OBUF[6]
    W13                  OBUF (Prop_obuf_I_O)         1.124     2.491 r  bcd_OBUF[6]_inst/O
                         net (fo=0)                   0.000     2.491    bcd[6]
    W13                                                               r  bcd[6] (OUT)
  -------------------------------------------------------------------    -------------------

Slack:                    inf
  Source:                 binary_in[12]
                            (input port)
  Destination:            bcd[13]
                            (output port)
  Path Group:             (none)
  Path Type:              Min at Fast Process Corner
  Data Path Delay:        2.522ns  (logic 1.363ns (54.065%)  route 1.158ns (45.935%))
  Logic Levels:           4  (IBUF=1 LUT5=1 LUT6=1 OBUF=1)

    Location             Delay type                Incr(ns)  Path(ns)    Netlist Resource(s)
  -------------------------------------------------------------------    -------------------
    M18                                               0.000     0.000 r  binary_in[12] (IN)
                         net (fo=0)                   0.000     0.000    binary_in[12]
    M18                  IBUF (Prop_ibuf_I_O)         0.167     0.167 r  binary_in_IBUF[12]_inst/O
                         net (fo=8, routed)           0.541     0.708    binary_in_IBUF[12]
    SLICE_X1Y17          LUT5 (Prop_lut5_I4_O)        0.045     0.753 r  bcd_OBUF[15]_inst_i_4/O
                         net (fo=6, routed)           0.300     1.053    bcd_OBUF[15]_inst_i_4_n_0
    SLICE_X0Y15          LUT6 (Prop_lut6_I2_O)        0.045     1.098 r  bcd_OBUF[13]_inst_i_1/O
                         net (fo=1, routed)           0.317     1.416    bcd_OBUF[13]
    U18                  OBUF (Prop_obuf_I_O)         1.106     2.522 r  bcd_OBUF[13]_inst/O
                         net (fo=0)                   0.000     2.522    bcd[13]
    U18                                                               r  bcd[13] (OUT)
  -------------------------------------------------------------------    -------------------





