
*** Running vivado
    with args -log binary2bcd.vdi -applog -m64 -product Vivado -messageDb vivado.pb -mode batch -source binary2bcd.tcl -notrace


****** Vivado v2022.1 (64-bit)
  **** SW Build 3526262 on Mon Apr 18 15:47:01 MDT 2022
  **** IP Build 3524634 on Mon Apr 18 20:55:01 MDT 2022
    ** Copyright 1986-2022 Xilinx, Inc. All Rights Reserved.

source binary2bcd.tcl -notrace
Command: link_design -top binary2bcd -part xc7a35tcpg236-1
Design is defaulting to srcset: sources_1
Design is defaulting to constrset: constrs_1
INFO: [Device 21-403] Loading part xc7a35tcpg236-1
Netlist sorting complete. Time (s): cpu = 00:00:00 ; elapsed = 00:00:00 . Memory (MB): peak = 2903.078 ; gain = 0.000 ; free physical = 4754 ; free virtual = 7902
INFO: [Project 1-479] Netlist was created with Vivado 2022.1
INFO: [Project 1-570] Preparing netlist for logic optimization
Netlist sorting complete. Time (s): cpu = 00:00:00 ; elapsed = 00:00:00 . Memory (MB): peak = 2903.078 ; gain = 0.000 ; free physical = 4663 ; free virtual = 7811
INFO: [Project 1-111] Unisim Transformation Summary:
No Unisim elements were transformed.

4 Infos, 0 Warnings, 0 Critical Warnings and 0 Errors encountered.
link_design completed successfully
Command: opt_design
Attempting to get a license for feature 'Implementation' and/or device 'xc7a35t'
INFO: [Common 17-349] Got license for feature 'Implementation' and/or device 'xc7a35t'
Running DRC as a precondition to command opt_design

Starting DRC Task
INFO: [DRC 23-27] Running DRC with 4 threads
INFO: [Project 1-461] DRC finished with 0 Errors
INFO: [Project 1-462] Please refer to the DRC report (report_drc) for more information.

Time (s): cpu = 00:00:00.88 ; elapsed = 00:00:00.61 . Memory (MB): peak = 2935.094 ; gain = 32.016 ; free physical = 4646 ; free virtual = 7794

Starting Cache Timing Information Task
INFO: [Timing 38-35] Done setting XDC timing constraints.
Ending Cache Timing Information Task | Checksum: 15d701d17

Time (s): cpu = 00:00:05 ; elapsed = 00:00:05 . Memory (MB): peak = 2935.094 ; gain = 0.000 ; free physical = 4278 ; free virtual = 7426

Starting Logic Optimization Task

Phase 1 Retarget
INFO: [Opt 31-138] Pushed 0 inverter(s) to 0 load pin(s).
In IDDR TRANSFORM
INFO: [Opt 31-49] Retargeted 0 cell(s).
Phase 1 Retarget | Checksum: 15d701d17

Time (s): cpu = 00:00:00.02 ; elapsed = 00:00:00.03 . Memory (MB): peak = 3126.234 ; gain = 0.000 ; free physical = 4030 ; free virtual = 7178
INFO: [Opt 31-389] Phase Retarget created 0 cells and removed 0 cells

Phase 2 Constant propagation
INFO: [Opt 31-138] Pushed 0 inverter(s) to 0 load pin(s).
Phase 2 Constant propagation | Checksum: 15d701d17

Time (s): cpu = 00:00:00.02 ; elapsed = 00:00:00.03 . Memory (MB): peak = 3126.234 ; gain = 0.000 ; free physical = 4030 ; free virtual = 7178
INFO: [Opt 31-389] Phase Constant propagation created 0 cells and removed 0 cells

Phase 3 Sweep
Phase 3 Sweep | Checksum: 15d701d17

Time (s): cpu = 00:00:00.02 ; elapsed = 00:00:00.03 . Memory (MB): peak = 3126.234 ; gain = 0.000 ; free physical = 4030 ; free virtual = 7178
INFO: [Opt 31-389] Phase Sweep created 0 cells and removed 0 cells

Phase 4 BUFG optimization
Phase 4 BUFG optimization | Checksum: 15d701d17

Time (s): cpu = 00:00:00.03 ; elapsed = 00:00:00.04 . Memory (MB): peak = 3158.250 ; gain = 32.016 ; free physical = 4030 ; free virtual = 7178
INFO: [Opt 31-662] Phase BUFG optimization created 0 cells of which 0 are BUFGs and removed 0 cells.

Phase 5 Shift Register Optimization
INFO: [Opt 31-1064] SRL Remap converted 0 SRLs to 0 registers and converted 0 registers of register chains to 0 SRLs
Phase 5 Shift Register Optimization | Checksum: 15d701d17

Time (s): cpu = 00:00:00.03 ; elapsed = 00:00:00.04 . Memory (MB): peak = 3158.250 ; gain = 32.016 ; free physical = 4030 ; free virtual = 7178
INFO: [Opt 31-389] Phase Shift Register Optimization created 0 cells and removed 0 cells

Phase 6 Post Processing Netlist
Phase 6 Post Processing Netlist | Checksum: 15d701d17

Time (s): cpu = 00:00:00.03 ; elapsed = 00:00:00.05 . Memory (MB): peak = 3158.250 ; gain = 32.016 ; free physical = 4030 ; free virtual = 7178
INFO: [Opt 31-389] Phase Post Processing Netlist created 0 cells and removed 0 cells
Opt_design Change Summary
=========================


-------------------------------------------------------------------------------------------------------------------------
|  Phase                        |  #Cells created  |  #Cells Removed  |  #Constrained objects preventing optimizations  |
-------------------------------------------------------------------------------------------------------------------------
|  Retarget                     |               0  |               0  |                                              0  |
|  Constant propagation         |               0  |               0  |                                              0  |
|  Sweep                        |               0  |               0  |                                              0  |
|  BUFG optimization            |               0  |               0  |                                              0  |
|  Shift Register Optimization  |               0  |               0  |                                              0  |
|  Post Processing Netlist      |               0  |               0  |                                              0  |
-------------------------------------------------------------------------------------------------------------------------



Starting Connectivity Check Task

Time (s): cpu = 00:00:00 ; elapsed = 00:00:00 . Memory (MB): peak = 3158.250 ; gain = 0.000 ; free physical = 4030 ; free virtual = 7178
Ending Logic Optimization Task | Checksum: 15d701d17

Time (s): cpu = 00:00:00.03 ; elapsed = 00:00:00.05 . Memory (MB): peak = 3158.250 ; gain = 32.016 ; free physical = 4030 ; free virtual = 7178

Starting Power Optimization Task
INFO: [Pwropt 34-132] Skipping clock gating for clocks with a period < 2.00 ns.
Ending Power Optimization Task | Checksum: 15d701d17

Time (s): cpu = 00:00:00 ; elapsed = 00:00:00.01 . Memory (MB): peak = 3158.250 ; gain = 0.000 ; free physical = 4030 ; free virtual = 7178

Starting Final Cleanup Task
Ending Final Cleanup Task | Checksum: 15d701d17

Time (s): cpu = 00:00:00 ; elapsed = 00:00:00 . Memory (MB): peak = 3158.250 ; gain = 0.000 ; free physical = 4030 ; free virtual = 7178

Starting Netlist Obfuscation Task
Netlist sorting complete. Time (s): cpu = 00:00:00 ; elapsed = 00:00:00 . Memory (MB): peak = 3158.250 ; gain = 0.000 ; free physical = 4030 ; free virtual = 7178
Ending Netlist Obfuscation Task | Checksum: 15d701d17

Time (s): cpu = 00:00:00 ; elapsed = 00:00:00 . Memory (MB): peak = 3158.250 ; gain = 0.000 ; free physical = 4030 ; free virtual = 7178
INFO: [Common 17-83] Releasing license: Implementation
21 Infos, 0 Warnings, 0 Critical Warnings and 0 Errors encountered.
opt_design completed successfully
opt_design: Time (s): cpu = 00:00:07 ; elapsed = 00:00:08 . Memory (MB): peak = 3158.250 ; gain = 255.172 ; free physical = 4030 ; free virtual = 7178
INFO: [Common 17-1381] The checkpoint '/media/sf_lab/lab3_combinational/binary2bcd_div/verilog/vivado/vivado.runs/impl_1/binary2bcd_opt.dcp' has been generated.
INFO: [runtcl-4] Executing : report_drc -file binary2bcd_drc_opted.rpt -pb binary2bcd_drc_opted.pb -rpx binary2bcd_drc_opted.rpx
Command: report_drc -file binary2bcd_drc_opted.rpt -pb binary2bcd_drc_opted.pb -rpx binary2bcd_drc_opted.rpx
INFO: [IP_Flow 19-234] Refreshing IP repositories
INFO: [IP_Flow 19-1704] No user IP repositories specified
INFO: [IP_Flow 19-2313] Loaded Vivado IP repository '/tools/Xilinx/Vivado/2022.1/data/ip'.
INFO: [Timing 38-35] Done setting XDC timing constraints.
INFO: [DRC 23-27] Running DRC with 4 threads
INFO: [Vivado_Tcl 2-168] The results of DRC are in file /media/sf_lab/lab3_combinational/binary2bcd_div/verilog/vivado/vivado.runs/impl_1/binary2bcd_drc_opted.rpt.
report_drc completed successfully
Command: place_design
Attempting to get a license for feature 'Implementation' and/or device 'xc7a35t'
INFO: [Common 17-349] Got license for feature 'Implementation' and/or device 'xc7a35t'
INFO: [DRC 23-27] Running DRC with 4 threads
INFO: [Vivado_Tcl 4-198] DRC finished with 0 Errors
INFO: [Vivado_Tcl 4-199] Please refer to the DRC report (report_drc) for more information.
Running DRC as a precondition to command place_design
INFO: [DRC 23-27] Running DRC with 4 threads
INFO: [Vivado_Tcl 4-198] DRC finished with 0 Errors
INFO: [Vivado_Tcl 4-199] Please refer to the DRC report (report_drc) for more information.

Starting Placer Task
INFO: [Place 30-611] Multithreading enabled for place_design using a maximum of 4 CPUs

Phase 1 Placer Initialization

Phase 1.1 Placer Initialization Netlist Sorting
Netlist sorting complete. Time (s): cpu = 00:00:00 ; elapsed = 00:00:00 . Memory (MB): peak = 3263.738 ; gain = 0.000 ; free physical = 3956 ; free virtual = 7104
Phase 1.1 Placer Initialization Netlist Sorting | Checksum: 7b202b97

Time (s): cpu = 00:00:00.01 ; elapsed = 00:00:00 . Memory (MB): peak = 3263.738 ; gain = 0.000 ; free physical = 3956 ; free virtual = 7104
Netlist sorting complete. Time (s): cpu = 00:00:00 ; elapsed = 00:00:00 . Memory (MB): peak = 3263.738 ; gain = 0.000 ; free physical = 3956 ; free virtual = 7104

Phase 1.2 IO Placement/ Clock Placement/ Build Placer Device
Phase 1.2 IO Placement/ Clock Placement/ Build Placer Device | Checksum: 12483e56b

Time (s): cpu = 00:00:00.21 ; elapsed = 00:00:00.13 . Memory (MB): peak = 3263.738 ; gain = 0.000 ; free physical = 3980 ; free virtual = 7128

Phase 1.3 Build Placer Netlist Model
Phase 1.3 Build Placer Netlist Model | Checksum: 179eb47a5

Time (s): cpu = 00:00:00.31 ; elapsed = 00:00:00.19 . Memory (MB): peak = 3263.738 ; gain = 0.000 ; free physical = 3980 ; free virtual = 7128

Phase 1.4 Constrain Clocks/Macros
Phase 1.4 Constrain Clocks/Macros | Checksum: 179eb47a5

Time (s): cpu = 00:00:00.31 ; elapsed = 00:00:00.19 . Memory (MB): peak = 3263.738 ; gain = 0.000 ; free physical = 3980 ; free virtual = 7128
Phase 1 Placer Initialization | Checksum: 179eb47a5

Time (s): cpu = 00:00:00.32 ; elapsed = 00:00:00.2 . Memory (MB): peak = 3263.738 ; gain = 0.000 ; free physical = 3980 ; free virtual = 7129

Phase 2 Global Placement

Phase 2.1 Floorplanning
Phase 2.1 Floorplanning | Checksum: 179eb47a5

Time (s): cpu = 00:00:00.32 ; elapsed = 00:00:00.21 . Memory (MB): peak = 3263.738 ; gain = 0.000 ; free physical = 3980 ; free virtual = 7129

Phase 2.2 Update Timing before SLR Path Opt
Phase 2.2 Update Timing before SLR Path Opt | Checksum: 179eb47a5

Time (s): cpu = 00:00:00.32 ; elapsed = 00:00:00.22 . Memory (MB): peak = 3263.738 ; gain = 0.000 ; free physical = 3980 ; free virtual = 7129

Phase 2.3 Post-Processing in Floorplanning
Phase 2.3 Post-Processing in Floorplanning | Checksum: 179eb47a5

Time (s): cpu = 00:00:00.32 ; elapsed = 00:00:00.22 . Memory (MB): peak = 3263.738 ; gain = 0.000 ; free physical = 3980 ; free virtual = 7129

Phase 2.4 Global Placement Core
WARNING: [Place 46-29] place_design is not in timing mode. Skip physical synthesis in placer
Phase 2.4 Global Placement Core | Checksum: 16b21820d

Time (s): cpu = 00:00:02 ; elapsed = 00:00:00.81 . Memory (MB): peak = 3263.738 ; gain = 0.000 ; free physical = 3965 ; free virtual = 7114
Phase 2 Global Placement | Checksum: 16b21820d

Time (s): cpu = 00:00:02 ; elapsed = 00:00:00.81 . Memory (MB): peak = 3263.738 ; gain = 0.000 ; free physical = 3965 ; free virtual = 7114

Phase 3 Detail Placement

Phase 3.1 Commit Multi Column Macros
Phase 3.1 Commit Multi Column Macros | Checksum: 16b21820d

Time (s): cpu = 00:00:02 ; elapsed = 00:00:00.81 . Memory (MB): peak = 3263.738 ; gain = 0.000 ; free physical = 3965 ; free virtual = 7114

Phase 3.2 Commit Most Macros & LUTRAMs
Phase 3.2 Commit Most Macros & LUTRAMs | Checksum: 1b564cef2

Time (s): cpu = 00:00:02 ; elapsed = 00:00:00.82 . Memory (MB): peak = 3263.738 ; gain = 0.000 ; free physical = 3965 ; free virtual = 7114

Phase 3.3 Area Swap Optimization
Phase 3.3 Area Swap Optimization | Checksum: 1de72cce0

Time (s): cpu = 00:00:02 ; elapsed = 00:00:00.83 . Memory (MB): peak = 3263.738 ; gain = 0.000 ; free physical = 3965 ; free virtual = 7114

Phase 3.4 Pipeline Register Optimization
Phase 3.4 Pipeline Register Optimization | Checksum: 1de72cce0

Time (s): cpu = 00:00:02 ; elapsed = 00:00:00.83 . Memory (MB): peak = 3263.738 ; gain = 0.000 ; free physical = 3965 ; free virtual = 7114

Phase 3.5 Small Shape Detail Placement
Phase 3.5 Small Shape Detail Placement | Checksum: 1bf9770f5

Time (s): cpu = 00:00:02 ; elapsed = 00:00:00.91 . Memory (MB): peak = 3263.738 ; gain = 0.000 ; free physical = 3961 ; free virtual = 7111

Phase 3.6 Re-assign LUT pins
Phase 3.6 Re-assign LUT pins | Checksum: 1bf9770f5

Time (s): cpu = 00:00:02 ; elapsed = 00:00:00.92 . Memory (MB): peak = 3263.738 ; gain = 0.000 ; free physical = 3961 ; free virtual = 7111

Phase 3.7 Pipeline Register Optimization
Phase 3.7 Pipeline Register Optimization | Checksum: 1bf9770f5

Time (s): cpu = 00:00:02 ; elapsed = 00:00:00.92 . Memory (MB): peak = 3263.738 ; gain = 0.000 ; free physical = 3961 ; free virtual = 7111
Phase 3 Detail Placement | Checksum: 1bf9770f5

Time (s): cpu = 00:00:02 ; elapsed = 00:00:00.92 . Memory (MB): peak = 3263.738 ; gain = 0.000 ; free physical = 3961 ; free virtual = 7111

Phase 4 Post Placement Optimization and Clean-Up

Phase 4.1 Post Commit Optimization
Phase 4.1 Post Commit Optimization | Checksum: 1bf9770f5

Time (s): cpu = 00:00:02 ; elapsed = 00:00:00.95 . Memory (MB): peak = 3263.738 ; gain = 0.000 ; free physical = 3961 ; free virtual = 7111

Phase 4.2 Post Placement Cleanup
Phase 4.2 Post Placement Cleanup | Checksum: 1bf9770f5

Time (s): cpu = 00:00:02 ; elapsed = 00:00:00.95 . Memory (MB): peak = 3263.738 ; gain = 0.000 ; free physical = 3961 ; free virtual = 7111

Phase 4.3 Placer Reporting

Phase 4.3.1 Print Estimated Congestion
INFO: [Place 30-612] Post-Placement Estimated Congestion 
 ____________________________________________________
|           | Global Congestion | Short Congestion  |
| Direction | Region Size       | Region Size       |
|___________|___________________|___________________|
|      North|                1x1|                1x1|
|___________|___________________|___________________|
|      South|                1x1|                1x1|
|___________|___________________|___________________|
|       East|                1x1|                1x1|
|___________|___________________|___________________|
|       West|                1x1|                1x1|
|___________|___________________|___________________|

Phase 4.3.1 Print Estimated Congestion | Checksum: 1bf9770f5

Time (s): cpu = 00:00:02 ; elapsed = 00:00:00.95 . Memory (MB): peak = 3263.738 ; gain = 0.000 ; free physical = 3961 ; free virtual = 7111
Phase 4.3 Placer Reporting | Checksum: 1bf9770f5

Time (s): cpu = 00:00:02 ; elapsed = 00:00:00.95 . Memory (MB): peak = 3263.738 ; gain = 0.000 ; free physical = 3961 ; free virtual = 7111

Phase 4.4 Final Placement Cleanup
Netlist sorting complete. Time (s): cpu = 00:00:00 ; elapsed = 00:00:00 . Memory (MB): peak = 3263.738 ; gain = 0.000 ; free physical = 3961 ; free virtual = 7111

Time (s): cpu = 00:00:02 ; elapsed = 00:00:00.95 . Memory (MB): peak = 3263.738 ; gain = 0.000 ; free physical = 3961 ; free virtual = 7111
Phase 4 Post Placement Optimization and Clean-Up | Checksum: 1bf9770f5

Time (s): cpu = 00:00:02 ; elapsed = 00:00:00.95 . Memory (MB): peak = 3263.738 ; gain = 0.000 ; free physical = 3961 ; free virtual = 7111
Ending Placer Task | Checksum: c21dccf8

Time (s): cpu = 00:00:02 ; elapsed = 00:00:00.96 . Memory (MB): peak = 3263.738 ; gain = 0.000 ; free physical = 3961 ; free virtual = 7111
INFO: [Common 17-83] Releasing license: Implementation
39 Infos, 1 Warnings, 0 Critical Warnings and 0 Errors encountered.
place_design completed successfully
Writing XDEF routing.
Writing XDEF routing logical nets.
Writing XDEF routing special nets.
Write XDEF Complete: Time (s): cpu = 00:00:00.08 ; elapsed = 00:00:00.17 . Memory (MB): peak = 3272.746 ; gain = 8.004 ; free physical = 3962 ; free virtual = 7111
INFO: [Common 17-1381] The checkpoint '/media/sf_lab/lab3_combinational/binary2bcd_div/verilog/vivado/vivado.runs/impl_1/binary2bcd_placed.dcp' has been generated.
INFO: [runtcl-4] Executing : report_io -file binary2bcd_io_placed.rpt
report_io: Time (s): cpu = 00:00:00.09 ; elapsed = 00:00:00.14 . Memory (MB): peak = 3280.750 ; gain = 0.000 ; free physical = 3965 ; free virtual = 7115
INFO: [runtcl-4] Executing : report_utilization -file binary2bcd_utilization_placed.rpt -pb binary2bcd_utilization_placed.pb
INFO: [runtcl-4] Executing : report_control_sets -verbose -file binary2bcd_control_sets_placed.rpt
report_control_sets: Time (s): cpu = 00:00:00.04 ; elapsed = 00:00:00.1 . Memory (MB): peak = 3280.750 ; gain = 0.000 ; free physical = 3964 ; free virtual = 7114
Command: phys_opt_design
Attempting to get a license for feature 'Implementation' and/or device 'xc7a35t'
INFO: [Common 17-349] Got license for feature 'Implementation' and/or device 'xc7a35t'
INFO: [Vivado_Tcl 4-235] No timing constraint found. The netlist was not modified.
INFO: [Common 17-83] Releasing license: Implementation
46 Infos, 1 Warnings, 0 Critical Warnings and 0 Errors encountered.
phys_opt_design completed successfully
Writing XDEF routing.
Writing XDEF routing logical nets.
Writing XDEF routing special nets.
Write XDEF Complete: Time (s): cpu = 00:00:00.04 ; elapsed = 00:00:00.11 . Memory (MB): peak = 3280.750 ; gain = 0.000 ; free physical = 3939 ; free virtual = 7089
INFO: [Common 17-1381] The checkpoint '/media/sf_lab/lab3_combinational/binary2bcd_div/verilog/vivado/vivado.runs/impl_1/binary2bcd_physopt.dcp' has been generated.
Command: route_design
Attempting to get a license for feature 'Implementation' and/or device 'xc7a35t'
INFO: [Common 17-349] Got license for feature 'Implementation' and/or device 'xc7a35t'
Running DRC as a precondition to command route_design
INFO: [DRC 23-27] Running DRC with 4 threads
INFO: [Vivado_Tcl 4-198] DRC finished with 0 Errors
INFO: [Vivado_Tcl 4-199] Please refer to the DRC report (report_drc) for more information.


Starting Routing Task
INFO: [Route 35-254] Multithreading enabled for route_design using a maximum of 4 CPUs

Phase 1 Build RT Design
Checksum: PlaceDB: 46fda161 ConstDB: 0 ShapeSum: 7b202b97 RouteDB: 0
Post Restoration Checksum: NetGraph: c471407e NumContArr: 457fcb82 Constraints: 0 Timing: 0
Phase 1 Build RT Design | Checksum: 109f10c00

Time (s): cpu = 00:00:14 ; elapsed = 00:00:12 . Memory (MB): peak = 3318.395 ; gain = 37.645 ; free physical = 3837 ; free virtual = 6986

Phase 2 Router Initialization
INFO: [Route 35-64] No timing constraints were detected. The router will operate in resource-optimization mode.

Phase 2.1 Fix Topology Constraints
Phase 2.1 Fix Topology Constraints | Checksum: 109f10c00

Time (s): cpu = 00:00:14 ; elapsed = 00:00:12 . Memory (MB): peak = 3325.391 ; gain = 44.641 ; free physical = 3826 ; free virtual = 6976

Phase 2.2 Pre Route Cleanup
Phase 2.2 Pre Route Cleanup | Checksum: 109f10c00

Time (s): cpu = 00:00:14 ; elapsed = 00:00:12 . Memory (MB): peak = 3325.391 ; gain = 44.641 ; free physical = 3826 ; free virtual = 6976
 Number of Nodes with overlaps = 0

Router Utilization Summary
  Global Vertical Routing Utilization    = 0 %
  Global Horizontal Routing Utilization  = 0 %
  Routable Net Status*
  *Does not include unroutable nets such as driverless and loadless.
  Run report_route_status for detailed report.
  Number of Failed Nets               = 63
    (Failed Nets is the sum of unrouted and partially routed nets)
  Number of Unrouted Nets             = 63
  Number of Partially Routed Nets     = 0
  Number of Node Overlaps             = 0

Phase 2 Router Initialization | Checksum: d169027e

Time (s): cpu = 00:00:14 ; elapsed = 00:00:12 . Memory (MB): peak = 3332.391 ; gain = 51.641 ; free physical = 3820 ; free virtual = 6970

Phase 3 Initial Routing

Phase 3.1 Global Routing
Phase 3.1 Global Routing | Checksum: d169027e

Time (s): cpu = 00:00:14 ; elapsed = 00:00:12 . Memory (MB): peak = 3332.391 ; gain = 51.641 ; free physical = 3820 ; free virtual = 6970
Phase 3 Initial Routing | Checksum: e4f3b490

Time (s): cpu = 00:00:14 ; elapsed = 00:00:12 . Memory (MB): peak = 3332.391 ; gain = 51.641 ; free physical = 3820 ; free virtual = 6969

Phase 4 Rip-up And Reroute

Phase 4.1 Global Iteration 0
 Number of Nodes with overlaps = 6
 Number of Nodes with overlaps = 0
Phase 4.1 Global Iteration 0 | Checksum: e211e172

Time (s): cpu = 00:00:14 ; elapsed = 00:00:12 . Memory (MB): peak = 3332.391 ; gain = 51.641 ; free physical = 3820 ; free virtual = 6969
Phase 4 Rip-up And Reroute | Checksum: e211e172

Time (s): cpu = 00:00:14 ; elapsed = 00:00:12 . Memory (MB): peak = 3332.391 ; gain = 51.641 ; free physical = 3820 ; free virtual = 6969

Phase 5 Delay and Skew Optimization
Phase 5 Delay and Skew Optimization | Checksum: e211e172

Time (s): cpu = 00:00:14 ; elapsed = 00:00:12 . Memory (MB): peak = 3332.391 ; gain = 51.641 ; free physical = 3820 ; free virtual = 6969

Phase 6 Post Hold Fix

Phase 6.1 Hold Fix Iter
Phase 6.1 Hold Fix Iter | Checksum: e211e172

Time (s): cpu = 00:00:14 ; elapsed = 00:00:12 . Memory (MB): peak = 3332.391 ; gain = 51.641 ; free physical = 3820 ; free virtual = 6969
Phase 6 Post Hold Fix | Checksum: e211e172

Time (s): cpu = 00:00:14 ; elapsed = 00:00:12 . Memory (MB): peak = 3332.391 ; gain = 51.641 ; free physical = 3820 ; free virtual = 6969

Phase 7 Route finalize

Router Utilization Summary
  Global Vertical Routing Utilization    = 0.0232002 %
  Global Horizontal Routing Utilization  = 0.0167881 %
  Routable Net Status*
  *Does not include unroutable nets such as driverless and loadless.
  Run report_route_status for detailed report.
  Number of Failed Nets               = 0
    (Failed Nets is the sum of unrouted and partially routed nets)
  Number of Unrouted Nets             = 0
  Number of Partially Routed Nets     = 0
  Number of Node Overlaps             = 0

Congestion Report
North Dir 1x1 Area, Max Cong = 26.1261%, No Congested Regions.
South Dir 1x1 Area, Max Cong = 5.40541%, No Congested Regions.
East Dir 1x1 Area, Max Cong = 14.7059%, No Congested Regions.
West Dir 1x1 Area, Max Cong = 13.2353%, No Congested Regions.

------------------------------
Reporting congestion hotspots
------------------------------
Direction: North
----------------
Congested clusters found at Level 0
Effective congestion level: 0 Aspect Ratio: 1 Sparse Ratio: 0
Direction: South
----------------
Congested clusters found at Level 0
Effective congestion level: 0 Aspect Ratio: 1 Sparse Ratio: 0
Direction: East
----------------
Congested clusters found at Level 0
Effective congestion level: 0 Aspect Ratio: 1 Sparse Ratio: 0
Direction: West
----------------
Congested clusters found at Level 0
Effective congestion level: 0 Aspect Ratio: 1 Sparse Ratio: 0

Phase 7 Route finalize | Checksum: e211e172

Time (s): cpu = 00:00:14 ; elapsed = 00:00:12 . Memory (MB): peak = 3332.391 ; gain = 51.641 ; free physical = 3820 ; free virtual = 6969

Phase 8 Verifying routed nets

 Verification completed successfully
Phase 8 Verifying routed nets | Checksum: e211e172

Time (s): cpu = 00:00:14 ; elapsed = 00:00:12 . Memory (MB): peak = 3332.391 ; gain = 51.641 ; free physical = 3820 ; free virtual = 6969

Phase 9 Depositing Routes
Phase 9 Depositing Routes | Checksum: 145443cd6

Time (s): cpu = 00:00:14 ; elapsed = 00:00:12 . Memory (MB): peak = 3332.391 ; gain = 51.641 ; free physical = 3820 ; free virtual = 6969
INFO: [Route 35-16] Router Completed Successfully

Time (s): cpu = 00:00:14 ; elapsed = 00:00:12 . Memory (MB): peak = 3332.391 ; gain = 51.641 ; free physical = 3827 ; free virtual = 6977

Routing Is Done.
INFO: [Common 17-83] Releasing license: Implementation
55 Infos, 1 Warnings, 0 Critical Warnings and 0 Errors encountered.
route_design completed successfully
route_design: Time (s): cpu = 00:00:15 ; elapsed = 00:00:13 . Memory (MB): peak = 3332.391 ; gain = 51.641 ; free physical = 3827 ; free virtual = 6977
INFO: [Common 17-600] The following parameters have non-default value.
general.maxThreads
Writing XDEF routing.
Writing XDEF routing logical nets.
Writing XDEF routing special nets.
Write XDEF Complete: Time (s): cpu = 00:00:00.04 ; elapsed = 00:00:00.11 . Memory (MB): peak = 3355.336 ; gain = 14.941 ; free physical = 3827 ; free virtual = 6976
INFO: [Common 17-1381] The checkpoint '/media/sf_lab/lab3_combinational/binary2bcd_div/verilog/vivado/vivado.runs/impl_1/binary2bcd_routed.dcp' has been generated.
INFO: [runtcl-4] Executing : report_drc -file binary2bcd_drc_routed.rpt -pb binary2bcd_drc_routed.pb -rpx binary2bcd_drc_routed.rpx
Command: report_drc -file binary2bcd_drc_routed.rpt -pb binary2bcd_drc_routed.pb -rpx binary2bcd_drc_routed.rpx
INFO: [IP_Flow 19-1839] IP Catalog is up to date.
INFO: [DRC 23-27] Running DRC with 4 threads
INFO: [Vivado_Tcl 2-168] The results of DRC are in file /media/sf_lab/lab3_combinational/binary2bcd_div/verilog/vivado/vivado.runs/impl_1/binary2bcd_drc_routed.rpt.
report_drc completed successfully
INFO: [runtcl-4] Executing : report_methodology -file binary2bcd_methodology_drc_routed.rpt -pb binary2bcd_methodology_drc_routed.pb -rpx binary2bcd_methodology_drc_routed.rpx
Command: report_methodology -file binary2bcd_methodology_drc_routed.rpt -pb binary2bcd_methodology_drc_routed.pb -rpx binary2bcd_methodology_drc_routed.rpx
INFO: [Timing 38-35] Done setting XDC timing constraints.
INFO: [DRC 23-133] Running Methodology with 4 threads
INFO: [Vivado_Tcl 2-1520] The results of Report Methodology are in file /media/sf_lab/lab3_combinational/binary2bcd_div/verilog/vivado/vivado.runs/impl_1/binary2bcd_methodology_drc_routed.rpt.
report_methodology completed successfully
INFO: [runtcl-4] Executing : report_power -file binary2bcd_power_routed.rpt -pb binary2bcd_power_summary_routed.pb -rpx binary2bcd_power_routed.rpx
Command: report_power -file binary2bcd_power_routed.rpt -pb binary2bcd_power_summary_routed.pb -rpx binary2bcd_power_routed.rpx
INFO: [Timing 38-35] Done setting XDC timing constraints.
WARNING: [Power 33-232] No user defined clocks were found in the design! Power estimation will be inaccurate until this is corrected.
Resolution: Please specify clocks using create_clock/create_generated_clock for sequential elements. For pure combinatorial circuits, please specify a virtual clock, otherwise the vectorless estimation might be inaccurate
Running Vector-less Activity Propagation...

Finished Running Vector-less Activity Propagation
67 Infos, 2 Warnings, 0 Critical Warnings and 0 Errors encountered.
report_power completed successfully
INFO: [runtcl-4] Executing : report_route_status -file binary2bcd_route_status.rpt -pb binary2bcd_route_status.pb
INFO: [runtcl-4] Executing : report_timing_summary -max_paths 10 -report_unconstrained -file binary2bcd_timing_summary_routed.rpt -pb binary2bcd_timing_summary_routed.pb -rpx binary2bcd_timing_summary_routed.rpx -warn_on_violation 
INFO: [Timing 38-91] UpdateTimingParams: Speed grade: -1, Delay Type: min_max.
INFO: [Timing 38-191] Multithreading enabled for timing update using a maximum of 4 CPUs
WARNING: [Timing 38-313] There are no user specified timing constraints. Timing constraints are needed for proper timing analysis.
INFO: [runtcl-4] Executing : report_incremental_reuse -file binary2bcd_incremental_reuse_routed.rpt
INFO: [Vivado_Tcl 4-1062] Incremental flow is disabled. No incremental reuse Info to report.
INFO: [runtcl-4] Executing : report_clock_utilization -file binary2bcd_clock_utilization_routed.rpt
INFO: [runtcl-4] Executing : report_bus_skew -warn_on_violation -file binary2bcd_bus_skew_routed.rpt -pb binary2bcd_bus_skew_routed.pb -rpx binary2bcd_bus_skew_routed.rpx
INFO: [Timing 38-91] UpdateTimingParams: Speed grade: -1, Delay Type: min_max.
INFO: [Timing 38-191] Multithreading enabled for timing update using a maximum of 4 CPUs
INFO: [Common 17-206] Exiting Vivado at Thu Aug 17 23:30:35 2023...
